<?xml version="1.0" encoding="UTF-8"?>
<testng-results ignored="0" total="2" passed="2" failed="0" skipped="0">
  <reporter-output>
  </reporter-output>
  <suite started-at="2021-11-20T11:01:09 ICT" name="Default suite" finished-at="2021-11-20T11:01:17 ICT" duration-ms="8243">
    <groups>
    </groups>
    <test started-at="2021-11-20T11:01:09 ICT" name="Default test" finished-at="2021-11-20T11:01:17 ICT" duration-ms="8243">
      <class name="main.findStoreByAddress">
        <test-method is-config="true" signature="launchBrowser()[pri:0, instance:main.findStoreByAddress@5d7148e2]" started-at="2021-11-20T11:01:09 ICT" name="launchBrowser" finished-at="2021-11-20T11:01:12 ICT" duration-ms="3510" status="PASS">
          <reporter-output>
          </reporter-output>
        </test-method> <!-- launchBrowser -->
        <test-method signature="findStore_step()[pri:0, instance:main.findStoreByAddress@5d7148e2]" started-at="2021-11-20T11:01:12 ICT" name="findStore_step" finished-at="2021-11-20T11:01:13 ICT" duration-ms="392" status="PASS">
          <reporter-output>
          </reporter-output>
        </test-method> <!-- findStore_step -->
        <test-method signature="checkStoreDisplayed()[pri:1, instance:main.findStoreByAddress@5d7148e2]" started-at="2021-11-20T11:01:13 ICT" name="checkStoreDisplayed" finished-at="2021-11-20T11:01:13 ICT" duration-ms="43" status="PASS">
          <reporter-output>
          </reporter-output>
        </test-method> <!-- checkStoreDisplayed -->
        <test-method is-config="true" signature="closeBrowser()[pri:0, instance:main.findStoreByAddress@5d7148e2]" started-at="2021-11-20T11:01:13 ICT" name="closeBrowser" finished-at="2021-11-20T11:01:17 ICT" duration-ms="4267" status="PASS">
          <reporter-output>
          </reporter-output>
        </test-method> <!-- closeBrowser -->
      </class> <!-- main.findStoreByAddress -->
    </test> <!-- Default test -->
  </suite> <!-- Default suite -->
</testng-results>
